# JRE version: OpenJDK Runtime Environment (8.0_152-b01) (build 1.8.0_152-release-915-b01)
# Java VM: OpenJDK 64-Bit Server VM (25.152-b01 mixed mode linux-amd64 compressed oops)
Heap:
 PSYoungGen      total 119296K, used 5994K [0x00000000e0000000, 0x00000000eb180000, 0x0000000100000000)
  eden space 109056K, 5% used [0x00000000e0000000,0x00000000e05da968,0x00000000e6a80000)
  from space 10240K, 0% used [0x00000000e6a80000,0x00000000e6a80000,0x00000000e7480000)
  to   space 10752K, 0% used [0x00000000ea700000,0x00000000ea700000,0x00000000eb180000)
 ParOldGen       total 65536K, used 15605K [0x00000000a0000000, 0x00000000a4000000, 0x00000000e0000000)
  object space 65536K, 23% used [0x00000000a0000000,0x00000000a0f3d5d0,0x00000000a4000000)
 Metaspace       used 35108K, capacity 35814K, committed 36056K, reserved 1081344K
  class space    used 4780K, capacity 5031K, committed 5120K, reserved 1048576K
GC Heap History (10 events):
Event: 7.411 GC heap before
{Heap before GC invocations=7 (full 1):
 PSYoungGen      total 36864K, used 31744K [0x00000000e0000000, 0x00000000e5300000, 0x0000000100000000)
  eden space 31744K, 100% used [0x00000000e0000000,0x00000000e1f00000,0x00000000e1f00000)
  from space 5120K, 0% used [0x00000000e1f00000,0x00000000e1f00000,0x00000000e2400000)
  to   space 10752K, 0% used [0x00000000e4880000,0x00000000e4880000,0x00000000e5300000)
 ParOldGen       total 46592K, used 6490K [0x00000000a0000000, 0x00000000a2d80000, 0x00000000e0000000)
  object space 46592K, 13% used [0x00000000a0000000,0x00000000a0656868,0x00000000a2d80000)
 Metaspace       used 23336K, capacity 23832K, committed 24192K, reserved 1071104K
  class space    used 3192K, capacity 3335K, committed 3456K, reserved 1048576K
Event: 7.417 GC heap after
Heap after GC invocations=7 (full 1):
 PSYoungGen      total 67072K, used 3713K [0x00000000e0000000, 0x00000000e4f80000, 0x0000000100000000)
  eden space 59904K, 0% used [0x00000000e0000000,0x00000000e0000000,0x00000000e3a80000)
  from space 7168K, 51% used [0x00000000e4880000,0x00000000e4c204c8,0x00000000e4f80000)
  to   space 10752K, 0% used [0x00000000e3a80000,0x00000000e3a80000,0x00000000e4500000)
 ParOldGen       total 46592K, used 6490K [0x00000000a0000000, 0x00000000a2d80000, 0x00000000e0000000)
  object space 46592K, 13% used [0x00000000a0000000,0x00000000a0656868,0x00000000a2d80000)
 Metaspace       used 23336K, capacity 23832K, committed 24192K, reserved 1071104K
  class space    used 3192K, capacity 3335K, committed 3456K, reserved 1048576K
}
Event: 9.285 GC heap before
{Heap before GC invocations=8 (full 1):
 PSYoungGen      total 67072K, used 63617K [0x00000000e0000000, 0x00000000e4f80000, 0x0000000100000000)
  eden space 59904K, 100% used [0x00000000e0000000,0x00000000e3a80000,0x00000000e3a80000)
  from space 7168K, 51% used [0x00000000e4880000,0x00000000e4c204c8,0x00000000e4f80000)
  to   space 10752K, 0% used [0x00000000e3a80000,0x00000000e3a80000,0x00000000e4500000)
 ParOldGen       total 46592K, used 6490K [0x00000000a0000000, 0x00000000a2d80000, 0x00000000e0000000)
  object space 46592K, 13% used [0x00000000a0000000,0x00000000a0656868,0x00000000a2d80000)
 Metaspace       used 27388K, capacity 27978K, committed 28160K, reserved 1073152K
  class space    used 3824K, capacity 4030K, committed 4096K, reserved 1048576K
Event: 9.300 GC heap after
Heap after GC invocations=8 (full 1):
 PSYoungGen      total 70656K, used 7372K [0x00000000e0000000, 0x00000000e8180000, 0x0000000100000000)
  eden space 59904K, 0% used [0x00000000e0000000,0x00000000e0000000,0x00000000e3a80000)
  from space 10752K, 68% used [0x00000000e3a80000,0x00000000e41b3140,0x00000000e4500000)
  to   space 10752K, 0% used [0x00000000e7700000,0x00000000e7700000,0x00000000e8180000)
 ParOldGen       total 46592K, used 6498K [0x00000000a0000000, 0x00000000a2d80000, 0x00000000e0000000)
  object space 46592K, 13% used [0x00000000a0000000,0x00000000a0658868,0x00000000a2d80000)
 Metaspace       used 27388K, capacity 27978K, committed 28160K, reserved 1073152K
  class space    used 3824K, capacity 4030K, committed 4096K, reserved 1048576K
}
Event: 11.449 GC heap before
{Heap before GC invocations=9 (full 1):
 PSYoungGen      total 70656K, used 67276K [0x00000000e0000000, 0x00000000e8180000, 0x0000000100000000)
  eden space 59904K, 100% used [0x00000000e0000000,0x00000000e3a80000,0x00000000e3a80000)
  from space 10752K, 68% used [0x00000000e3a80000,0x00000000e41b3140,0x00000000e4500000)
  to   space 10752K, 0% used [0x00000000e7700000,0x00000000e7700000,0x00000000e8180000)
 ParOldGen       total 46592K, used 6498K [0x00000000a0000000, 0x00000000a2d80000, 0x00000000e0000000)
  object space 46592K, 13% used [0x00000000a0000000,0x00000000a0658868,0x00000000a2d80000)
 Metaspace       used 30109K, capacity 30634K, committed 30976K, reserved 1075200K
  class space    used 4107K, capacity 4318K, committed 4352K, reserved 1048576K
Event: 11.464 GC heap after
Heap after GC invocations=9 (full 1):
 PSYoungGen      total 116736K, used 6128K [0x00000000e0000000, 0x00000000e7e80000, 0x0000000100000000)
  eden space 109056K, 0% used [0x00000000e0000000,0x00000000e0000000,0x00000000e6a80000)
  from space 7680K, 79% used [0x00000000e7700000,0x00000000e7cfc3e0,0x00000000e7e80000)
  to   space 10240K, 0% used [0x00000000e6a80000,0x00000000e6a80000,0x00000000e7480000)
 ParOldGen       total 46592K, used 6506K [0x00000000a0000000, 0x00000000a2d80000, 0x00000000e0000000)
  object space 46592K, 13% used [0x00000000a0000000,0x00000000a065a868,0x00000000a2d80000)
 Metaspace       used 30109K, capacity 30634K, committed 30976K, reserved 1075200K
  class space    used 4107K, capacity 4318K, committed 4352K, reserved 1048576K
}
Event: 14.179 GC heap before
{Heap before GC invocations=10 (full 1):
 PSYoungGen      total 116736K, used 41241K [0x00000000e0000000, 0x00000000e7e80000, 0x0000000100000000)
  eden space 109056K, 32% used [0x00000000e0000000,0x00000000e224a278,0x00000000e6a80000)
  from space 7680K, 79% used [0x00000000e7700000,0x00000000e7cfc3e0,0x00000000e7e80000)
  to   space 10240K, 0% used [0x00000000e6a80000,0x00000000e6a80000,0x00000000e7480000)
 ParOldGen       total 46592K, used 6506K [0x00000000a0000000, 0x00000000a2d80000, 0x00000000e0000000)
  object space 46592K, 13% used [0x00000000a0000000,0x00000000a065a868,0x00000000a2d80000)
 Metaspace       used 34528K, capacity 35224K, committed 35416K, reserved 1079296K
  class space    used 4696K, capacity 4962K, committed 4992K, reserved 1048576K
Event: 14.193 GC heap after
Heap after GC invocations=10 (full 1):
 PSYoungGen      total 119296K, used 7788K [0x00000000e0000000, 0x00000000eb180000, 0x0000000100000000)
  eden space 109056K, 0% used [0x00000000e0000000,0x00000000e0000000,0x00000000e6a80000)
  from space 10240K, 76% used [0x00000000e6a80000,0x00000000e721b258,0x00000000e7480000)
  to   space 10752K, 0% used [0x00000000ea700000,0x00000000ea700000,0x00000000eb180000)
 ParOldGen       total 46592K, used 8194K [0x00000000a0000000, 0x00000000a2d80000, 0x00000000e0000000)
  object space 46592K, 17% used [0x00000000a0000000,0x00000000a08008d8,0x00000000a2d80000)
 Metaspace       used 34528K, capacity 35224K, committed 35416K, reserved 1079296K
  class space    used 4696K, capacity 4962K, committed 4992K, reserved 1048576K
}
Event: 14.193 GC heap before
{Heap before GC invocations=11 (full 2):
 PSYoungGen      total 119296K, used 7788K [0x00000000e0000000, 0x00000000eb180000, 0x0000000100000000)
  eden space 109056K, 0% used [0x00000000e0000000,0x00000000e0000000,0x00000000e6a80000)
  from space 10240K, 76% used [0x00000000e6a80000,0x00000000e721b258,0x00000000e7480000)
  to   space 10752K, 0% used [0x00000000ea700000,0x00000000ea700000,0x00000000eb180000)
 ParOldGen       total 46592K, used 8194K [0x00000000a0000000, 0x00000000a2d80000, 0x00000000e0000000)
  object space 46592K, 17% used [0x00000000a0000000,0x00000000a08008d8,0x00000000a2d80000)
 Metaspace       used 34528K, capacity 35224K, committed 35416K, reserved 1079296K
  class space    used 4696K, capacity 4962K, committed 4992K, reserved 1048576K
Event: 14.338 GC heap after
Heap after GC invocations=11 (full 2):
 PSYoungGen      total 119296K, used 0K [0x00000000e0000000, 0x00000000eb180000, 0x0000000100000000)
  eden space 109056K, 0% used [0x00000000e0000000,0x00000000e0000000,0x00000000e6a80000)
  from space 10240K, 0% used [0x00000000e6a80000,0x00000000e6a80000,0x00000000e7480000)
  to   space 10752K, 0% used [0x00000000ea700000,0x00000000ea700000,0x00000000eb180000)
 ParOldGen       total 65536K, used 15605K [0x00000000a0000000, 0x00000000a4000000, 0x00000000e0000000)
  object space 65536K, 23% used [0x00000000a0000000,0x00000000a0f3d5d0,0x00000000a4000000)
 Metaspace       used 34528K, capacity 35224K, committed 35416K, reserved 1079296K
  class space    used 4696K, capacity 4962K, committed 4992K, reserved 1048576K
}

